Drill report for prototipo.kicad_pcb
Created on 2025-11-27T22:53:36-0300

Copper Layer Stackup:
    =============================================================
    L1 :  F.Cu                      front
    L2 :  B.Cu                      back


Drill file 'prototipo-PTH.drl' contains
    plated through holes:
    =============================================================
    T1  0.800mm  0.0315"  (14 holes)
    T2  0.800mm  0.0315"  (116 holes)
    T3  1.000mm  0.0394"  (82 holes)
    T4  1.100mm  0.0433"  (42 holes)
    T5  1.300mm  0.0512"  (18 holes)
    T6  1.520mm  0.0598"  (2 holes)
    T7  1.570mm  0.0618"  (12 holes)

    Total plated holes count 286


Drill file 'prototipo-NPTH.drl' contains
    unplated through holes:
    =============================================================
    T1  2.700mm  0.1063"  (9 holes)
    T2  3.200mm  0.1260"  (6 holes)

    Total unplated holes count 15
