11-13 02:14:01 com_github_MitjaNemec_ReplicateLayout.action_replicate_layout 409:Plugin executed on: 'win32'
11-13 02:14:01 com_github_MitjaNemec_ReplicateLayout.action_replicate_layout 410:Plugin executed with python version: '3.11.5 (main, Sep 17 2025, 01:04:48) [MSC v.1944 64 bit (AMD64)]'
11-13 02:14:01 com_github_MitjaNemec_ReplicateLayout.action_replicate_layout 411:KiCad build version: 9.0.6
11-13 02:14:01 com_github_MitjaNemec_ReplicateLayout.action_replicate_layout 412:Plugin version: 4.0.3
11-13 02:14:01 com_github_MitjaNemec_ReplicateLayout.action_replicate_layout 413:Frame repr: <wx._core.Frame object at 0x0000029AB2C5C5E0>
11-13 02:14:01 com_github_MitjaNemec_ReplicateLayout.action_replicate_layout 437:Preparing replicator with RB_2 as a reference
11-13 02:14:01 com_github_MitjaNemec_ReplicateLayout.replicate_layout 117:getting a list of all footprints on board
11-13 02:14:01 com_github_MitjaNemec_ReplicateLayout.action_replicate_layout 485:source anchor footprint is 'RB_2'
Located on: ['/switch_banco_1/']
With filenames: ['switch_banco.kicad_sch']
With sheet_id:['/switch_banco_1/']
11-13 02:14:01 com_github_MitjaNemec_ReplicateLayout.action_replicate_layout 492:Corresponding footprints are 
[('RB_2', ['/switch_banco_1/']), ('RB_5', ['/switch_banco_2/']), ('RB_8', ['/switch_banco_3/'])]
11-13 02:14:01 com_github_MitjaNemec_ReplicateLayout.action_replicate_layout 504:Showing dialog
11-13 02:14:01 com_github_MitjaNemec_ReplicateLayout.replicate_layout 472:constructing a list of sheets suitable for replication on level:'/switch_banco_1/', file:'switch_banco.kicad_sch'
11-13 02:14:01 com_github_MitjaNemec_ReplicateLayout.replicate_layout 509:suitable sheets are:[['/switch_banco_2/'], ['/switch_banco_3/']]
11-13 02:14:01 com_github_MitjaNemec_ReplicateLayout.replicate_layout 1512:Level selected: ['/switch_banco_1/']
11-13 02:14:01 com_github_MitjaNemec_ReplicateLayout.replicate_layout 1336:Filtering list of tracks
11-13 02:14:01 com_github_MitjaNemec_ReplicateLayout.action_replicate_layout 510:Toolbar position: wx.Point(1331, 85)
11-13 02:14:01 com_github_MitjaNemec_ReplicateLayout.action_replicate_layout 515:Dialog position: wx.Point(892, 85)
11-13 02:14:03 com_github_MitjaNemec_ReplicateLayout.replicate_layout 472:constructing a list of sheets suitable for replication on level:'/switch_banco_1/', file:'switch_banco.kicad_sch'
11-13 02:14:03 com_github_MitjaNemec_ReplicateLayout.replicate_layout 509:suitable sheets are:[['/switch_banco_2/'], ['/switch_banco_3/']]
11-13 02:14:03 com_github_MitjaNemec_ReplicateLayout.action_replicate_layout 248:Replicating layout
11-13 02:14:04 com_github_MitjaNemec_ReplicateLayout.replicate_layout 288:Starting replication of sheets: [['/switch_banco_2/'], ['/switch_banco_3/']]
on level: ['/switch_banco_1/']
with tracks=True, zone=True, text=True, text=True, intersecting=False, remove=True, locked footprints=False, group_only=False
11-13 02:14:04 root 340:updating GUI message: 'Preparing for replication'
11-13 02:14:04 root 345:updating GUI with: 0
11-13 02:14:04 com_github_MitjaNemec_ReplicateLayout.replicate_layout 358:Getting the list of source footprints
11-13 02:14:04 com_github_MitjaNemec_ReplicateLayout.replicate_layout 368:Getting the list of all the remaining footprints
11-13 02:14:04 com_github_MitjaNemec_ReplicateLayout.replicate_layout 375:Getting source tracks
11-13 02:14:04 com_github_MitjaNemec_ReplicateLayout.replicate_layout 1336:Filtering list of tracks
11-13 02:14:04 com_github_MitjaNemec_ReplicateLayout.replicate_layout 379:Getting source zones
11-13 02:14:04 root 345:updating GUI with: 50
11-13 02:14:04 com_github_MitjaNemec_ReplicateLayout.replicate_layout 383:Getting source text items
11-13 02:14:04 com_github_MitjaNemec_ReplicateLayout.replicate_layout 387:Getting source drawing items
11-13 02:14:04 com_github_MitjaNemec_ReplicateLayout.replicate_layout 320:Removing tracks and zones, before footprint placement
11-13 02:14:04 root 340:updating GUI message: 'Removing zones and tracks'
11-13 02:14:04 com_github_MitjaNemec_ReplicateLayout.replicate_layout 1282:Remove bounding box top:244329500, bottom:277237000, Left:608519500, Right:640419500
11-13 02:14:04 root 345:updating GUI with: 50
11-13 02:14:04 com_github_MitjaNemec_ReplicateLayout.replicate_layout 1282:Remove bounding box top:244054500, bottom:276962000, Left:692469500, Right:724369500
11-13 02:14:04 root 340:updating GUI message: 'Replicating footprints'
11-13 02:14:04 com_github_MitjaNemec_ReplicateLayout.replicate_layout 863:Replicating footprints
11-13 02:14:04 com_github_MitjaNemec_ReplicateLayout.replicate_layout 870:Replicating footprints on sheet ['/switch_banco_2/']
11-13 02:14:04 com_github_MitjaNemec_ReplicateLayout.replicate_layout 835:Src fp.id: '7AA323D2-96E9-4223-B564-DF99D1E69964'
11-13 02:14:04 com_github_MitjaNemec_ReplicateLayout.replicate_layout 839:Dst fp.id: '7AA323D2-96E9-4223-B564-DF99D1E69964'
11-13 02:14:04 com_github_MitjaNemec_ReplicateLayout.replicate_layout 888:Replicating footprint: 'QB_1'
11-13 02:14:04 com_github_MitjaNemec_ReplicateLayout.replicate_layout 835:Src fp.id: '35D4F177-95AE-4807-81AB-D20B2CBD3589'
11-13 02:14:04 com_github_MitjaNemec_ReplicateLayout.replicate_layout 839:Dst fp.id: '35D4F177-95AE-4807-81AB-D20B2CBD3589'
11-13 02:14:04 com_github_MitjaNemec_ReplicateLayout.replicate_layout 895:found match in dst footprint: 'QB_3'
11-13 02:14:04 com_github_MitjaNemec_ReplicateLayout.replicate_layout 990:Src text UUid:c8171355-777b-453c-b1e7-4b82d5321c4c
11-13 02:14:04 com_github_MitjaNemec_ReplicateLayout.replicate_layout 991:Dst text UUid:8ed96acd-823f-4690-be85-dfcb450ce844
11-13 02:14:04 com_github_MitjaNemec_ReplicateLayout.replicate_layout 990:Src text UUid:165eb535-8fee-493a-ba78-d0ab821bfe30
11-13 02:14:04 com_github_MitjaNemec_ReplicateLayout.replicate_layout 991:Dst text UUid:76350cef-00e2-455a-bf61-81b38e96f370
11-13 02:14:04 com_github_MitjaNemec_ReplicateLayout.replicate_layout 990:Src text UUid:9063c441-d2de-4a1d-8447-f0c5c97b090b
11-13 02:14:04 com_github_MitjaNemec_ReplicateLayout.replicate_layout 991:Dst text UUid:a1fed588-0fd2-42e2-a865-32d478a081c3
11-13 02:14:04 com_github_MitjaNemec_ReplicateLayout.replicate_layout 888:Replicating footprint: 'D_B1'
11-13 02:14:04 com_github_MitjaNemec_ReplicateLayout.replicate_layout 835:Src fp.id: '8B946E89-8B2C-4E9C-9E99-80140F90AAB9'
11-13 02:14:04 com_github_MitjaNemec_ReplicateLayout.replicate_layout 839:Dst fp.id: '8B946E89-8B2C-4E9C-9E99-80140F90AAB9'
11-13 02:14:04 com_github_MitjaNemec_ReplicateLayout.replicate_layout 895:found match in dst footprint: 'D_B2'
11-13 02:14:04 com_github_MitjaNemec_ReplicateLayout.replicate_layout 990:Src text UUid:cc97f97f-9cd2-4654-a725-e2ed196c6c98
11-13 02:14:04 com_github_MitjaNemec_ReplicateLayout.replicate_layout 991:Dst text UUid:7010fffa-24ef-4457-998a-b6fb8b455f75
11-13 02:14:04 com_github_MitjaNemec_ReplicateLayout.replicate_layout 990:Src text UUid:c122a6ec-175d-4beb-b1aa-d2bde74e4c42
11-13 02:14:04 com_github_MitjaNemec_ReplicateLayout.replicate_layout 991:Dst text UUid:e5b4869b-bc91-4e8c-9c22-170926c449ac
11-13 02:14:04 com_github_MitjaNemec_ReplicateLayout.replicate_layout 990:Src text UUid:e9bd8023-f292-431f-84fa-570b556afd96
11-13 02:14:04 com_github_MitjaNemec_ReplicateLayout.replicate_layout 991:Dst text UUid:84e148d8-c035-4316-a1f2-935e517ee4e9
11-13 02:14:04 com_github_MitjaNemec_ReplicateLayout.replicate_layout 990:Src text UUid:c0aaebb7-bd54-4017-aad8-afba01c3623b
11-13 02:14:04 com_github_MitjaNemec_ReplicateLayout.replicate_layout 991:Dst text UUid:eb44198b-aeac-496f-b744-51c022788608
11-13 02:14:04 com_github_MitjaNemec_ReplicateLayout.replicate_layout 990:Src text UUid:3731b112-7fa5-400c-8b85-76158b8877db
11-13 02:14:04 com_github_MitjaNemec_ReplicateLayout.replicate_layout 991:Dst text UUid:e5b4869b-bc91-4e8c-9c22-170926c449ac
11-13 02:14:04 com_github_MitjaNemec_ReplicateLayout.replicate_layout 888:Replicating footprint: 'RB_1'
11-13 02:14:04 root 345:updating GUI with: 25
11-13 02:14:04 com_github_MitjaNemec_ReplicateLayout.replicate_layout 835:Src fp.id: '4BAA5DE4-09A7-4EBE-BE71-5CEFEE0CD80F'
11-13 02:14:04 com_github_MitjaNemec_ReplicateLayout.replicate_layout 839:Dst fp.id: '4BAA5DE4-09A7-4EBE-BE71-5CEFEE0CD80F'
11-13 02:14:04 com_github_MitjaNemec_ReplicateLayout.replicate_layout 895:found match in dst footprint: 'RB_4'
11-13 02:14:04 com_github_MitjaNemec_ReplicateLayout.replicate_layout 990:Src text UUid:cfd1b9df-ddbc-45c8-8243-5d1508730dd1
11-13 02:14:04 com_github_MitjaNemec_ReplicateLayout.replicate_layout 991:Dst text UUid:67b94cb3-3286-458f-a9f2-d10186b1a400
11-13 02:14:04 com_github_MitjaNemec_ReplicateLayout.replicate_layout 990:Src text UUid:8796d4c8-0197-4c0c-9866-86da54e9d6d8
11-13 02:14:04 com_github_MitjaNemec_ReplicateLayout.replicate_layout 991:Dst text UUid:160bd8e1-bab3-4c6d-9a0b-bbbb1bee7e1c
11-13 02:14:04 com_github_MitjaNemec_ReplicateLayout.replicate_layout 990:Src text UUid:a7e8cd01-db8f-45c3-b56d-213f469cf6c7
11-13 02:14:04 com_github_MitjaNemec_ReplicateLayout.replicate_layout 991:Dst text UUid:4d0576ce-8d90-4ce2-8000-f16dde6bb59f
11-13 02:14:04 com_github_MitjaNemec_ReplicateLayout.replicate_layout 888:Replicating footprint: 'RB_3'
11-13 02:14:04 com_github_MitjaNemec_ReplicateLayout.replicate_layout 835:Src fp.id: '0CEC9DAE-97EF-4284-9C2A-D469EBE84FA4'
11-13 02:14:04 com_github_MitjaNemec_ReplicateLayout.replicate_layout 839:Dst fp.id: '0CEC9DAE-97EF-4284-9C2A-D469EBE84FA4'
11-13 02:14:04 com_github_MitjaNemec_ReplicateLayout.replicate_layout 895:found match in dst footprint: 'RB_6'
11-13 02:14:04 com_github_MitjaNemec_ReplicateLayout.replicate_layout 990:Src text UUid:f112fd82-5cf7-4287-a0dd-3f5f839997fb
11-13 02:14:04 com_github_MitjaNemec_ReplicateLayout.replicate_layout 991:Dst text UUid:019bd951-9268-4396-81ce-ba863056137e
11-13 02:14:04 com_github_MitjaNemec_ReplicateLayout.replicate_layout 990:Src text UUid:3e82eeb0-770a-4a6f-9756-183dbfc3793b
11-13 02:14:04 com_github_MitjaNemec_ReplicateLayout.replicate_layout 991:Dst text UUid:9e2e4cce-ff69-4a31-97e6-2f26cc535262
11-13 02:14:04 com_github_MitjaNemec_ReplicateLayout.replicate_layout 990:Src text UUid:9fd1cd82-c036-4424-9a1d-27f50b56a4e3
11-13 02:14:04 com_github_MitjaNemec_ReplicateLayout.replicate_layout 991:Dst text UUid:9665c6f0-331e-47cf-bf39-e4edf3401d3d
11-13 02:14:04 com_github_MitjaNemec_ReplicateLayout.replicate_layout 888:Replicating footprint: 'SB_1'
11-13 02:14:04 com_github_MitjaNemec_ReplicateLayout.replicate_layout 835:Src fp.id: '095CC792-05BA-464C-9A32-39503EA2C54F'
11-13 02:14:04 com_github_MitjaNemec_ReplicateLayout.replicate_layout 839:Dst fp.id: '095CC792-05BA-464C-9A32-39503EA2C54F'
11-13 02:14:04 com_github_MitjaNemec_ReplicateLayout.replicate_layout 895:found match in dst footprint: 'SB_2'
11-13 02:14:04 com_github_MitjaNemec_ReplicateLayout.replicate_layout 990:Src text UUid:593d5fbd-9e65-481c-8c31-11c11042ed98
11-13 02:14:04 com_github_MitjaNemec_ReplicateLayout.replicate_layout 991:Dst text UUid:64814e7b-eb5e-4028-a49d-7dce2956e2e5
11-13 02:14:04 com_github_MitjaNemec_ReplicateLayout.replicate_layout 990:Src text UUid:9b8e1f17-bd26-4b63-b412-593cd09d87a2
11-13 02:14:04 com_github_MitjaNemec_ReplicateLayout.replicate_layout 991:Dst text UUid:de60f688-6738-402d-8169-f7c90bda3c11
11-13 02:14:04 com_github_MitjaNemec_ReplicateLayout.replicate_layout 990:Src text UUid:1709af6c-3a6f-4b57-ac0e-c5ff7a8a6f1c
11-13 02:14:04 com_github_MitjaNemec_ReplicateLayout.replicate_layout 991:Dst text UUid:f4763967-001c-4fb7-9baa-f7fb73741d78
11-13 02:14:04 com_github_MitjaNemec_ReplicateLayout.replicate_layout 888:Replicating footprint: 'RB_2'
11-13 02:14:04 com_github_MitjaNemec_ReplicateLayout.replicate_layout 835:Src fp.id: '7AA323D2-96E9-4223-B564-DF99D1E69964'
11-13 02:14:04 com_github_MitjaNemec_ReplicateLayout.replicate_layout 839:Dst fp.id: '7AA323D2-96E9-4223-B564-DF99D1E69964'
11-13 02:14:04 com_github_MitjaNemec_ReplicateLayout.replicate_layout 895:found match in dst footprint: 'RB_5'
11-13 02:14:04 com_github_MitjaNemec_ReplicateLayout.replicate_layout 990:Src text UUid:8f58d7ba-2137-4c17-b60f-5b1affa222bc
11-13 02:14:04 com_github_MitjaNemec_ReplicateLayout.replicate_layout 991:Dst text UUid:4a9db1d3-3c86-4701-a002-37ff5c8a4d04
11-13 02:14:04 com_github_MitjaNemec_ReplicateLayout.replicate_layout 990:Src text UUid:2d63ce58-a20b-44f6-b780-94d0c0ea254b
11-13 02:14:04 com_github_MitjaNemec_ReplicateLayout.replicate_layout 991:Dst text UUid:b505aaba-c5b0-4902-a550-ef5c8b307ad0
11-13 02:14:04 com_github_MitjaNemec_ReplicateLayout.replicate_layout 990:Src text UUid:fae8a6ef-2cec-4b7b-ac1a-68916b7a65d4
11-13 02:14:04 com_github_MitjaNemec_ReplicateLayout.replicate_layout 991:Dst text UUid:534442e4-907f-4b5c-a308-9078637af1fd
11-13 02:14:04 com_github_MitjaNemec_ReplicateLayout.replicate_layout 870:Replicating footprints on sheet ['/switch_banco_3/']
11-13 02:14:04 com_github_MitjaNemec_ReplicateLayout.replicate_layout 835:Src fp.id: '7AA323D2-96E9-4223-B564-DF99D1E69964'
11-13 02:14:04 com_github_MitjaNemec_ReplicateLayout.replicate_layout 839:Dst fp.id: '7AA323D2-96E9-4223-B564-DF99D1E69964'
11-13 02:14:04 com_github_MitjaNemec_ReplicateLayout.replicate_layout 888:Replicating footprint: 'QB_1'
11-13 02:14:04 com_github_MitjaNemec_ReplicateLayout.replicate_layout 835:Src fp.id: '35D4F177-95AE-4807-81AB-D20B2CBD3589'
11-13 02:14:04 com_github_MitjaNemec_ReplicateLayout.replicate_layout 839:Dst fp.id: '35D4F177-95AE-4807-81AB-D20B2CBD3589'
11-13 02:14:04 com_github_MitjaNemec_ReplicateLayout.replicate_layout 895:found match in dst footprint: 'QB_5'
11-13 02:14:04 com_github_MitjaNemec_ReplicateLayout.replicate_layout 990:Src text UUid:c8171355-777b-453c-b1e7-4b82d5321c4c
11-13 02:14:04 com_github_MitjaNemec_ReplicateLayout.replicate_layout 991:Dst text UUid:145d9203-2fcd-4f10-bb80-0a0b0dd63c82
11-13 02:14:04 com_github_MitjaNemec_ReplicateLayout.replicate_layout 990:Src text UUid:165eb535-8fee-493a-ba78-d0ab821bfe30
11-13 02:14:04 com_github_MitjaNemec_ReplicateLayout.replicate_layout 991:Dst text UUid:d8b24e63-91c9-4928-997d-233c4c5dae34
11-13 02:14:04 com_github_MitjaNemec_ReplicateLayout.replicate_layout 990:Src text UUid:9063c441-d2de-4a1d-8447-f0c5c97b090b
11-13 02:14:04 com_github_MitjaNemec_ReplicateLayout.replicate_layout 991:Dst text UUid:370c40ab-4d8b-439d-9e9a-ec68cc5cf9d4
11-13 02:14:04 com_github_MitjaNemec_ReplicateLayout.replicate_layout 888:Replicating footprint: 'D_B1'
11-13 02:14:04 com_github_MitjaNemec_ReplicateLayout.replicate_layout 835:Src fp.id: '8B946E89-8B2C-4E9C-9E99-80140F90AAB9'
11-13 02:14:04 com_github_MitjaNemec_ReplicateLayout.replicate_layout 839:Dst fp.id: '8B946E89-8B2C-4E9C-9E99-80140F90AAB9'
11-13 02:14:04 com_github_MitjaNemec_ReplicateLayout.replicate_layout 895:found match in dst footprint: 'D_B3'
11-13 02:14:04 com_github_MitjaNemec_ReplicateLayout.replicate_layout 990:Src text UUid:cc97f97f-9cd2-4654-a725-e2ed196c6c98
11-13 02:14:04 com_github_MitjaNemec_ReplicateLayout.replicate_layout 991:Dst text UUid:5ab509f8-81a2-4f65-9a97-0bb2e97bed77
11-13 02:14:04 com_github_MitjaNemec_ReplicateLayout.replicate_layout 990:Src text UUid:c122a6ec-175d-4beb-b1aa-d2bde74e4c42
11-13 02:14:04 com_github_MitjaNemec_ReplicateLayout.replicate_layout 991:Dst text UUid:9c9c8b2d-1790-4ec7-87d7-83a55c973cac
11-13 02:14:04 com_github_MitjaNemec_ReplicateLayout.replicate_layout 990:Src text UUid:e9bd8023-f292-431f-84fa-570b556afd96
11-13 02:14:04 com_github_MitjaNemec_ReplicateLayout.replicate_layout 991:Dst text UUid:64d64c4b-59ea-41e4-b319-f0fea40856ba
11-13 02:14:04 com_github_MitjaNemec_ReplicateLayout.replicate_layout 990:Src text UUid:c0aaebb7-bd54-4017-aad8-afba01c3623b
11-13 02:14:04 com_github_MitjaNemec_ReplicateLayout.replicate_layout 991:Dst text UUid:e9eed295-0162-4448-9dbe-68609fbabf61
11-13 02:14:04 com_github_MitjaNemec_ReplicateLayout.replicate_layout 990:Src text UUid:3731b112-7fa5-400c-8b85-76158b8877db
11-13 02:14:04 com_github_MitjaNemec_ReplicateLayout.replicate_layout 991:Dst text UUid:9c9c8b2d-1790-4ec7-87d7-83a55c973cac
11-13 02:14:04 com_github_MitjaNemec_ReplicateLayout.replicate_layout 888:Replicating footprint: 'RB_1'
11-13 02:14:04 com_github_MitjaNemec_ReplicateLayout.replicate_layout 835:Src fp.id: '4BAA5DE4-09A7-4EBE-BE71-5CEFEE0CD80F'
11-13 02:14:04 com_github_MitjaNemec_ReplicateLayout.replicate_layout 839:Dst fp.id: '4BAA5DE4-09A7-4EBE-BE71-5CEFEE0CD80F'
11-13 02:14:04 com_github_MitjaNemec_ReplicateLayout.replicate_layout 895:found match in dst footprint: 'RB_7'
11-13 02:14:04 com_github_MitjaNemec_ReplicateLayout.replicate_layout 990:Src text UUid:cfd1b9df-ddbc-45c8-8243-5d1508730dd1
11-13 02:14:04 com_github_MitjaNemec_ReplicateLayout.replicate_layout 991:Dst text UUid:71086f39-5de1-4027-80c4-0a7e3227393f
11-13 02:14:04 com_github_MitjaNemec_ReplicateLayout.replicate_layout 990:Src text UUid:8796d4c8-0197-4c0c-9866-86da54e9d6d8
11-13 02:14:04 com_github_MitjaNemec_ReplicateLayout.replicate_layout 991:Dst text UUid:b905abcf-942e-4635-b0e2-cca60ffad71c
11-13 02:14:04 com_github_MitjaNemec_ReplicateLayout.replicate_layout 990:Src text UUid:a7e8cd01-db8f-45c3-b56d-213f469cf6c7
11-13 02:14:04 com_github_MitjaNemec_ReplicateLayout.replicate_layout 991:Dst text UUid:ef9d0bb8-e438-4780-802b-fc9b7995f226
11-13 02:14:04 com_github_MitjaNemec_ReplicateLayout.replicate_layout 888:Replicating footprint: 'RB_3'
11-13 02:14:04 com_github_MitjaNemec_ReplicateLayout.replicate_layout 835:Src fp.id: '0CEC9DAE-97EF-4284-9C2A-D469EBE84FA4'
11-13 02:14:04 com_github_MitjaNemec_ReplicateLayout.replicate_layout 839:Dst fp.id: '0CEC9DAE-97EF-4284-9C2A-D469EBE84FA4'
11-13 02:14:04 com_github_MitjaNemec_ReplicateLayout.replicate_layout 895:found match in dst footprint: 'RB_9'
11-13 02:14:04 com_github_MitjaNemec_ReplicateLayout.replicate_layout 990:Src text UUid:f112fd82-5cf7-4287-a0dd-3f5f839997fb
11-13 02:14:04 com_github_MitjaNemec_ReplicateLayout.replicate_layout 991:Dst text UUid:4c23b1a3-88c2-4a30-9c54-55a41ca7006a
11-13 02:14:04 com_github_MitjaNemec_ReplicateLayout.replicate_layout 990:Src text UUid:3e82eeb0-770a-4a6f-9756-183dbfc3793b
11-13 02:14:04 com_github_MitjaNemec_ReplicateLayout.replicate_layout 991:Dst text UUid:a4de1b46-d44c-40a0-a72e-81733cea2118
11-13 02:14:04 com_github_MitjaNemec_ReplicateLayout.replicate_layout 990:Src text UUid:9fd1cd82-c036-4424-9a1d-27f50b56a4e3
11-13 02:14:04 com_github_MitjaNemec_ReplicateLayout.replicate_layout 991:Dst text UUid:b9e09124-142b-4bbc-9d53-8e5504789284
11-13 02:14:04 com_github_MitjaNemec_ReplicateLayout.replicate_layout 888:Replicating footprint: 'SB_1'
11-13 02:14:04 com_github_MitjaNemec_ReplicateLayout.replicate_layout 835:Src fp.id: '095CC792-05BA-464C-9A32-39503EA2C54F'
11-13 02:14:04 com_github_MitjaNemec_ReplicateLayout.replicate_layout 839:Dst fp.id: '095CC792-05BA-464C-9A32-39503EA2C54F'
11-13 02:14:04 com_github_MitjaNemec_ReplicateLayout.replicate_layout 895:found match in dst footprint: 'SB_3'
11-13 02:14:04 com_github_MitjaNemec_ReplicateLayout.replicate_layout 990:Src text UUid:593d5fbd-9e65-481c-8c31-11c11042ed98
11-13 02:14:04 com_github_MitjaNemec_ReplicateLayout.replicate_layout 991:Dst text UUid:9ad53f7b-bbea-41e7-9a4e-f2237d0fa2f1
11-13 02:14:04 com_github_MitjaNemec_ReplicateLayout.replicate_layout 990:Src text UUid:9b8e1f17-bd26-4b63-b412-593cd09d87a2
11-13 02:14:04 com_github_MitjaNemec_ReplicateLayout.replicate_layout 991:Dst text UUid:b26fc021-54c5-486a-afc5-18bcb4e0223e
11-13 02:14:04 com_github_MitjaNemec_ReplicateLayout.replicate_layout 990:Src text UUid:1709af6c-3a6f-4b57-ac0e-c5ff7a8a6f1c
11-13 02:14:04 com_github_MitjaNemec_ReplicateLayout.replicate_layout 991:Dst text UUid:30122086-7f96-489d-8d94-fa99fece9d1a
11-13 02:14:04 com_github_MitjaNemec_ReplicateLayout.replicate_layout 888:Replicating footprint: 'RB_2'
11-13 02:14:04 com_github_MitjaNemec_ReplicateLayout.replicate_layout 835:Src fp.id: '7AA323D2-96E9-4223-B564-DF99D1E69964'
11-13 02:14:04 com_github_MitjaNemec_ReplicateLayout.replicate_layout 839:Dst fp.id: '7AA323D2-96E9-4223-B564-DF99D1E69964'
11-13 02:14:04 com_github_MitjaNemec_ReplicateLayout.replicate_layout 895:found match in dst footprint: 'RB_8'
11-13 02:14:04 com_github_MitjaNemec_ReplicateLayout.replicate_layout 990:Src text UUid:8f58d7ba-2137-4c17-b60f-5b1affa222bc
11-13 02:14:04 com_github_MitjaNemec_ReplicateLayout.replicate_layout 991:Dst text UUid:c4768727-2639-4110-8d03-bbae902b6ffb
11-13 02:14:04 com_github_MitjaNemec_ReplicateLayout.replicate_layout 990:Src text UUid:2d63ce58-a20b-44f6-b780-94d0c0ea254b
11-13 02:14:04 com_github_MitjaNemec_ReplicateLayout.replicate_layout 991:Dst text UUid:d1d01941-73af-4266-a10c-791efec2e958
11-13 02:14:04 com_github_MitjaNemec_ReplicateLayout.replicate_layout 990:Src text UUid:fae8a6ef-2cec-4b7b-ac1a-68916b7a65d4
11-13 02:14:04 com_github_MitjaNemec_ReplicateLayout.replicate_layout 991:Dst text UUid:681a357a-b1c6-4719-a380-dd1257b1be3a
11-13 02:14:04 com_github_MitjaNemec_ReplicateLayout.replicate_layout 328:Removing tracks and zones, after footprint placement
11-13 02:14:04 root 340:updating GUI message: 'Removing zones and tracks'
11-13 02:14:04 root 345:updating GUI with: 0
11-13 02:14:04 com_github_MitjaNemec_ReplicateLayout.replicate_layout 1282:Remove bounding box top:244329500, bottom:277237000, Left:608519500, Right:640419500
11-13 02:14:04 com_github_MitjaNemec_ReplicateLayout.replicate_layout 1282:Remove bounding box top:244054500, bottom:276962000, Left:692469500, Right:724369500
11-13 02:14:04 root 340:updating GUI message: 'Replicating tracks'
11-13 02:14:04 com_github_MitjaNemec_ReplicateLayout.replicate_layout 1014:Replicating tracks
11-13 02:14:04 com_github_MitjaNemec_ReplicateLayout.replicate_layout 1020:Replicating tracks on sheet ['/switch_banco_2/']
11-13 02:14:04 com_github_MitjaNemec_ReplicateLayout.replicate_layout 835:Src fp.id: '7AA323D2-96E9-4223-B564-DF99D1E69964'
11-13 02:14:04 com_github_MitjaNemec_ReplicateLayout.replicate_layout 839:Dst fp.id: '7AA323D2-96E9-4223-B564-DF99D1E69964'
11-13 02:14:04 com_github_MitjaNemec_ReplicateLayout.replicate_layout 792:Net pairs for sheet ['/switch_banco_2/'] :[('Net-(D_B1-+)', 'Net-(D_B2-+)'), ('Net-(QB_1-B)', 'Net-(QB_3-B)'), ('Net-(QB_1-C)', 'Net-(QB_3-C)'), ('Vc1', 'Vc2'), ('0', '0'), ('/celda_1/bus_neg', '/celda_1/bus_pos'), ('/celda_1/bus_pos', '/celda_3/bus_pos')]
11-13 02:14:04 com_github_MitjaNemec_ReplicateLayout.replicate_layout 1020:Replicating tracks on sheet ['/switch_banco_3/']
11-13 02:14:04 com_github_MitjaNemec_ReplicateLayout.replicate_layout 835:Src fp.id: '7AA323D2-96E9-4223-B564-DF99D1E69964'
11-13 02:14:04 com_github_MitjaNemec_ReplicateLayout.replicate_layout 839:Dst fp.id: '7AA323D2-96E9-4223-B564-DF99D1E69964'
11-13 02:14:04 com_github_MitjaNemec_ReplicateLayout.replicate_layout 792:Net pairs for sheet ['/switch_banco_3/'] :[('Net-(QB_1-C)', 'Net-(QB_5-C)'), ('/celda_1/bus_pos', '/celda_5/bus_pos'), ('Net-(D_B1-+)', 'Net-(D_B3-+)'), ('/celda_1/bus_neg', '/celda_3/bus_pos'), ('Net-(QB_1-B)', 'Net-(QB_5-B)'), ('0', '0'), ('Vc1', 'Vc3')]
11-13 02:14:04 root 345:updating GUI with: 52
11-13 02:14:04 root 340:updating GUI message: 'Replicating zones'
11-13 02:14:04 com_github_MitjaNemec_ReplicateLayout.replicate_layout 1084:Replicating zones
11-13 02:14:04 com_github_MitjaNemec_ReplicateLayout.replicate_layout 1091:Replicating zones on sheet ['/switch_banco_2/']
11-13 02:14:04 com_github_MitjaNemec_ReplicateLayout.replicate_layout 835:Src fp.id: '7AA323D2-96E9-4223-B564-DF99D1E69964'
11-13 02:14:04 com_github_MitjaNemec_ReplicateLayout.replicate_layout 839:Dst fp.id: '7AA323D2-96E9-4223-B564-DF99D1E69964'
11-13 02:14:04 com_github_MitjaNemec_ReplicateLayout.replicate_layout 792:Net pairs for sheet ['/switch_banco_2/'] :[('Net-(D_B1-+)', 'Net-(D_B2-+)'), ('Net-(QB_1-B)', 'Net-(QB_3-B)'), ('Net-(QB_1-C)', 'Net-(QB_3-C)'), ('Vc1', 'Vc2'), ('0', '0'), ('/celda_1/bus_neg', '/celda_1/bus_pos'), ('/celda_1/bus_pos', '/celda_3/bus_pos')]
11-13 02:14:04 com_github_MitjaNemec_ReplicateLayout.replicate_layout 1091:Replicating zones on sheet ['/switch_banco_3/']
11-13 02:14:04 com_github_MitjaNemec_ReplicateLayout.replicate_layout 835:Src fp.id: '7AA323D2-96E9-4223-B564-DF99D1E69964'
11-13 02:14:04 com_github_MitjaNemec_ReplicateLayout.replicate_layout 839:Dst fp.id: '7AA323D2-96E9-4223-B564-DF99D1E69964'
11-13 02:14:04 com_github_MitjaNemec_ReplicateLayout.replicate_layout 792:Net pairs for sheet ['/switch_banco_3/'] :[('Net-(QB_1-C)', 'Net-(QB_5-C)'), ('/celda_1/bus_pos', '/celda_5/bus_pos'), ('Net-(D_B1-+)', 'Net-(D_B3-+)'), ('/celda_1/bus_neg', '/celda_3/bus_pos'), ('Net-(QB_1-B)', 'Net-(QB_5-B)'), ('0', '0'), ('Vc1', 'Vc3')]
11-13 02:14:04 root 340:updating GUI message: 'Replicating text'
11-13 02:14:04 com_github_MitjaNemec_ReplicateLayout.replicate_layout 1173:Replicating text
11-13 02:14:04 com_github_MitjaNemec_ReplicateLayout.replicate_layout 1180:Replicating text on sheet ['/switch_banco_2/']
11-13 02:14:04 com_github_MitjaNemec_ReplicateLayout.replicate_layout 835:Src fp.id: '7AA323D2-96E9-4223-B564-DF99D1E69964'
11-13 02:14:04 com_github_MitjaNemec_ReplicateLayout.replicate_layout 839:Dst fp.id: '7AA323D2-96E9-4223-B564-DF99D1E69964'
11-13 02:14:04 com_github_MitjaNemec_ReplicateLayout.replicate_layout 1180:Replicating text on sheet ['/switch_banco_3/']
11-13 02:14:04 com_github_MitjaNemec_ReplicateLayout.replicate_layout 835:Src fp.id: '7AA323D2-96E9-4223-B564-DF99D1E69964'
11-13 02:14:04 com_github_MitjaNemec_ReplicateLayout.replicate_layout 839:Dst fp.id: '7AA323D2-96E9-4223-B564-DF99D1E69964'
11-13 02:14:04 root 340:updating GUI message: 'Replicating drawings'
11-13 02:14:04 com_github_MitjaNemec_ReplicateLayout.replicate_layout 1224:Replicating drawings
11-13 02:14:04 com_github_MitjaNemec_ReplicateLayout.replicate_layout 1230:Replicating drawings on sheet ['/switch_banco_2/']
11-13 02:14:04 com_github_MitjaNemec_ReplicateLayout.replicate_layout 835:Src fp.id: '7AA323D2-96E9-4223-B564-DF99D1E69964'
11-13 02:14:04 com_github_MitjaNemec_ReplicateLayout.replicate_layout 839:Dst fp.id: '7AA323D2-96E9-4223-B564-DF99D1E69964'
11-13 02:14:04 com_github_MitjaNemec_ReplicateLayout.replicate_layout 1230:Replicating drawings on sheet ['/switch_banco_3/']
11-13 02:14:04 com_github_MitjaNemec_ReplicateLayout.replicate_layout 835:Src fp.id: '7AA323D2-96E9-4223-B564-DF99D1E69964'
11-13 02:14:04 com_github_MitjaNemec_ReplicateLayout.replicate_layout 839:Dst fp.id: '7AA323D2-96E9-4223-B564-DF99D1E69964'
11-13 02:14:04 com_github_MitjaNemec_ReplicateLayout.action_replicate_layout 264:Replication complete
